#Build log:

File C:\srcAdempiere\Release\migration\354a-360lts\oracle\579_enableLiberoValidator.sql status 0
File C:\srcAdempiere\Release\migration\354a-360lts\oracle\580_BF2861302.sql status 0
File C:\srcAdempiere\Release\migration\354a-360lts\oracle\580g_FR2794312.sql status 0
File C:\srcAdempiere\Release\migration\354a-360lts\oracle\581_FR2864078_TypeOfImportBPartner.sql status 0
File C:\srcAdempiere\Release\migration\354a-360lts\oracle\582_FR2857076.sql status 0
File C:\srcAdempiere\Release\migration\354a-360lts\oracle\583_BF2462571.sql status 0
File C:\srcAdempiere\Release\migration\354a-360lts\oracle\584_BF2795492.sql status 0
File C:\srcAdempiere\Release\migration\354a-360lts\oracle\585_2866193FK.sql status 0
File C:\srcAdempiere\Release\migration\354a-360lts\oracle\586_BF2869554_TabLevelExpenseInvoice.sql status 0
File C:\srcAdempiere\Release\migration\354a-360lts\oracle\587_BF2869715_dba_free_space.sql status 0
File C:\srcAdempiere\Release\migration\354a-360lts\oracle\588_BF2871006QualifyWhereClause.sql status 0
File C:\srcAdempiere\Release\migration\354a-360lts\oracle\589_BF2871045_AC_Activity_set_mandatory.sql status 0
File C:\srcAdempiere\Release\migration\354a-360lts\oracle\590_2871042_AC_Broken_Report.sql status 0
File C:\srcAdempiere\Release\migration\354a-360lts\oracle\591_BF2871621.sql status 0
File C:\srcAdempiere\Release\migration\354a-360lts\oracle\592_BF2872841_add_BOMRollup_ProductItem.sql status 0
File C:\srcAdempiere\Release\migration\354a-360lts\oracle\593_BF2866211_PPOrderNodeTrl.sql status 0
File C:\srcAdempiere\Release\migration\354a-360lts\oracle\594_BF2872841_add_BOMRollup_ProductItem_fix.sql status 0
File C:\srcAdempiere\Release\migration\354a-360lts\oracle\595_FR2872010DunningImprovements.sql status 0
File C:\srcAdempiere\Release\migration\354a-360lts\oracle\596_BF2877525_FixForecast.sql status 0
File C:\srcAdempiere\Release\migration\354a-360lts\oracle\597_classnameOfTranslationImportExportForm.sql status 0
File C:\srcAdempiere\Release\migration\354a-360lts\oracle\598_BF2881190DOFixIssue.sql status 0
File C:\srcAdempiere\Release\migration\354a-360lts\oracle\599_BF2882063_PrintOneLineOnlyDisplay.sql status 0
File C:\srcAdempiere\Release\migration\354a-360lts\oracle\600_BF2881573_Problem_with_Default_value.sql status 0
File C:\srcAdempiere\Release\migration\354a-360lts\oracle\601_BF1901326_NewEuroMemberCountries.sql status 0
File C:\srcAdempiere\Release\migration\354a-360lts\oracle\602_FR2893636_Add_EventType.sql status 0
File C:\srcAdempiere\Release\migration\354a-360lts\oracle\603_BF2889886_Net_days_in_payment_term.sql status 0
File C:\srcAdempiere\Release\migration\354a-360lts\oracle\604_BF2902984_GridPerformance.sql status 0
File C:\srcAdempiere\Release\migration\354a-360lts\oracle\605_FR2712329BroadcastReplication.sql status 0
File C:\srcAdempiere\Release\migration\354a-360lts\oracle\606_BF2904257_WrongRMALineValidationSQL.sql status 0
File C:\srcAdempiere\Release\migration\354a-360lts\oracle\607_FR2609057_CoProduct_CostAllocationPerc.sql status 0
File C:\srcAdempiere\Release\migration\354a-360lts\oracle\608_FR2880682_WindowsMoved.sql status 0
File C:\srcAdempiere\Release\migration\354a-360lts\oracle\609_FR2904188_DictionaryTypos.sql status 0
File C:\srcAdempiere\Release\migration\354a-360lts\oracle\610_BF_BOM_back_compatibility.sql status 0
File C:\srcAdempiere\Release\migration\354a-360lts\oracle\611_FR2902882_DunningStabilization.sql status 0
File C:\srcAdempiere\Release\migration\354a-360lts\oracle\612_FR2905227_EventTypeForMeasurePA.sql status 0
File C:\srcAdempiere\Release\migration\354a-360lts\oracle\613_BF1698281_DiscontinuedBy.sql status 0
File C:\srcAdempiere\Release\migration\354a-360lts\oracle\614_2836655-ResourceAssignment_oracle.sql status 0
File C:\srcAdempiere\Release\migration\354a-360lts\oracle\615_BF2871039.sql status 0
File C:\srcAdempiere\Release\migration\354a-360lts\oracle\616_FR2906605.sql status 0
File C:\srcAdempiere\Release\migration\354a-360lts\oracle\617.1_RV_Storage_Per_Product-view.sql status 0
File C:\srcAdempiere\Release\migration\354a-360lts\oracle\617.2_RV_Storage_Per_Product.sql status 0
File C:\srcAdempiere\Release\migration\354a-360lts\oracle\618_FR_2907017_MoveASI-window.sql status 0
File C:\srcAdempiere\Release\migration\354a-360lts\oracle\619_RV_Storage_Per_Product.sql status 0
File C:\srcAdempiere\Release\migration\354a-360lts\oracle\620_FR_2907059_add-system-confugurator-to-Favorites.sql status 0
File C:\srcAdempiere\Release\migration\354a-360lts\oracle\621_FR2909559_Imp-CurrentCostPrice.sql status 0
File C:\srcAdempiere\Release\migration\354a-360lts\oracle\622_BF2910176TestExportModel.sql status 0
File C:\srcAdempiere\Release\migration\354a-360lts\oracle\623_BF2904257_WrongRMALineValidationSQL.sql status 0
File C:\srcAdempiere\Release\migration\354a-360lts\oracle\624_BF2904737.sql status 0
File C:\srcAdempiere\Release\migration\354a-360lts\oracle\625_BF2904737_Fix_BOMTabLevel.sql status 0
File C:\srcAdempiere\Release\migration\354a-360lts\oracle\626_BF2904198.sql status 0
File C:\srcAdempiere\Release\migration\354a-360lts\oracle\627_BF2910278_Postgresql_Defer_Constraints.sql status 0
File C:\srcAdempiere\Release\migration\354a-360lts\oracle\628_BF2910289_MissingMessages.sql status 0
File C:\srcAdempiere\Release\migration\354a-360lts\oracle\629_BF2904737.sql status 0
File C:\srcAdempiere\Release\migration\354a-360lts\oracle\630_FR2912011_Import-PriceLists.sql status 0
File C:\srcAdempiere\Release\migration\354a-360lts\oracle\631_FR2906574_Product-costs-embedded.sql status 0
File C:\srcAdempiere\Release\migration\354a-360lts\oracle\632_FR2793242.sql status 0
File C:\srcAdempiere\Release\migration\354a-360lts\oracle\633_BF2897748_RoleDefaults.sql status 0
File C:\srcAdempiere\Release\migration\354a-360lts\oracle\634_BF2904134.sql status 0
File C:\srcAdempiere\Release\migration\354a-360lts\oracle\635_FR2830830_UsedinReportParameter.sql status 0
File C:\srcAdempiere\Release\migration\354a-360lts\oracle\636_FR2830830_UsedIn.sql status 0
File C:\srcAdempiere\Release\migration\354a-360lts\oracle\637_BF2913058_FixPerpetualInventoryScreen.sql status 0
File C:\srcAdempiere\Release\migration\354a-360lts\oracle\638_BF2913291_Fixed-Assets-Application-Dictionary.sql status 0
File C:\srcAdempiere\Release\migration\354a-360lts\oracle\639_FR2913307-OrderSource.sql status 0
File C:\srcAdempiere\Release\migration\354a-360lts\oracle\640_FR2913358_ManufacturerRole.sql status 0
File C:\srcAdempiere\Release\migration\354a-360lts\oracle\641_FRFR2906574_Product-costs-deflate.sql status 0
File C:\srcAdempiere\Release\migration\354a-360lts\oracle\642_FR2913307-OrderSource.sql status 0
File C:\srcAdempiere\Release\migration\354a-360lts\oracle\643_FR2913358_ManufacturerRole.sql status 0
File C:\srcAdempiere\Release\migration\354a-360lts\oracle\644_BF2897751.sql status 0
File C:\srcAdempiere\Release\migration\354a-360lts\oracle\645_BF2873784_BadDefaults.sql status 0
File C:\srcAdempiere\Release\migration\354a-360lts\oracle\646_FR2893090_SysconfigRememberMe.sql status 0
File C:\srcAdempiere\Release\migration\354a-360lts\oracle\647_BF2914836.sql status 0
File C:\srcAdempiere\Release\migration\354a-360lts\oracle\648_BF2904323.sql status 0
File C:\srcAdempiere\Release\migration\354a-360lts\oracle\649_BF2904311.sql status 0
File C:\srcAdempiere\Release\migration\354a-360lts\oracle\650_FR2915244.sql status 0
File C:\srcAdempiere\Release\migration\354a-360lts\oracle\651_FR2915451_SysConfig_REAL_TIME_POS.sql status 0
File C:\srcAdempiere\Release\migration\354a-360lts\oracle\652_FR2913307.sql status 0
File C:\srcAdempiere\Release\migration\354a-360lts\oracle\653_FR2913358.sql status 0
File C:\srcAdempiere\Release\migration\354a-360lts\oracle\654_FR2925700_NewPeriodsGW.sql status 0
File C:\srcAdempiere\Release\migration\354a-360lts\oracle\655_BF2923042.sql status 0
File C:\srcAdempiere\Release\migration\354a-360lts\oracle\656_FR2928004_ShowQtyDeliver.sql status 0
File C:\srcAdempiere\Release\migration\354a-360lts\oracle\657_FR_SafetyStock.sql status 0
File C:\srcAdempiere\Release\migration\354a-360lts\oracle\658_FR2598506.sql status 0
File C:\srcAdempiere\Release\migration\354a-360lts\oracle\659_FR2871676_ReportAmountType.sql status 0
File C:\srcAdempiere\Release\migration\354a-360lts\oracle\660_BF_2944056_FixSubstituteRelatedInfoProduct.sql status 0
File C:\srcAdempiere\Release\migration\354a-360lts\oracle\661_FR_2945715_AdvancedSearchMsg.sql status 0
File C:\srcAdempiere\Release\migration\354a-360lts\oracle\662_BT_2944388.sql status 0
File C:\srcAdempiere\Release\migration\354a-360lts\oracle\663_FR2949534_ResetAllocation.sql status 0
File C:\srcAdempiere\Release\migration\354a-360lts\oracle\664_FR2934358_FixedTyposOnElements.sql status 0
File C:\srcAdempiere\Release\migration\354a-360lts\oracle\665_FR2952245_ImportDataPlanning.sql status 0
File C:\srcAdempiere\Release\migration\354a-360lts\oracle\666_BF2952456_PP_Identifiers.sql status 0
File C:\srcAdempiere\Release\migration\354a-360lts\oracle\667_FR2956390_SchedulerEnhancement.sql status 0
File C:\srcAdempiere\Release\migration\354a-360lts\oracle\668_FR2957782_PaySelection_DueDate_Para.sql status 0
File C:\srcAdempiere\Release\migration\354a-360lts\oracle\669_BF2904257.sql status 0
File C:\srcAdempiere\Release\migration\354a-360lts\oracle\670_FR2962094_AddProcesssedOnColumn.sql status 0
File C:\srcAdempiere\Release\migration\354a-360lts\oracle\671_FR2962094_FillProcesssedOn.sql status 0
File C:\srcAdempiere\Release\migration\354a-360lts\oracle\672_BF2948897.sql status 0
File C:\srcAdempiere\Release\migration\354a-360lts\oracle\673_BF2948897.sql status 0
File C:\srcAdempiere\Release\migration\354a-360lts\oracle\674_FR2965494.sql status 0
File C:\srcAdempiere\Release\migration\354a-360lts\oracle\675_FR2962094_AddAverageCostVarianceDefaultAcct.sql status 0
File C:\srcAdempiere\Release\migration\354a-360lts\oracle\676_FR2962094_SetAverageCostVarianceGW.sql status 0
File C:\srcAdempiere\Release\migration\354a-360lts\oracle\677_BT2092712_Unalloc_payment_report.sql status 0
File C:\srcAdempiere\Release\migration\354a-360lts\oracle\678_BF_1774758.sql status 0
File C:\srcAdempiere\Release\migration\354a-360lts\oracle\679_BF2042466FixProductURL.sql status 0
File C:\srcAdempiere\Release\migration\354a-360lts\oracle\680_BF2970013.sql status 0
File C:\srcAdempiere\Release\migration\354a-360lts\oracle\681_BF2968442.sql status 0
File C:\srcAdempiere\Release\migration\354a-360lts\oracle\682_FR2970674_ImportOrder-DeliveryRule.sql status 0
File C:\srcAdempiere\Release\migration\354a-360lts\oracle\683_BF2079794.sql status 0
File C:\srcAdempiere\Release\migration\354a-360lts\oracle\684_BF2493555.sql status 0
File C:\srcAdempiere\Release\migration\354a-360lts\oracle\685_BF1699764.sql status 0
File C:\srcAdempiere\Release\migration\354a-360lts\oracle\686_FR2973129_GermanRegions.sql status 0
File C:\srcAdempiere\Release\migration\354a-360lts\oracle\687_FR2897194_Adv_Zoom.sql status 0
File C:\srcAdempiere\Release\migration\354a-360lts\oracle\688_FR2897194_Adv_Zoom.sql status 0
File C:\srcAdempiere\Release\migration\354a-360lts\oracle\689_BF2889652_IndexElementUpperColumnName.sql status 0
File C:\srcAdempiere\Release\migration\354a-360lts\oracle\690_FR2975307_AD_Menu_CentrallyMintained.sql status 0
File C:\srcAdempiere\Release\migration\354a-360lts\oracle\691_FR2975307_SummaryMenuNotCentrallyMaintained.sql status 0
File C:\srcAdempiere\Release\migration\354a-360lts\oracle\692_FR2975307_AD_Table-AddCentrallyMaintained.sql status 0
File C:\srcAdempiere\Release\migration\354a-360lts\oracle\693_FR2975307_DeActivateNotUsedAD_Element.sql status 0
File C:\srcAdempiere\Release\migration\354a-360lts\oracle\694_FR2962094_AddProcesssedOnColumnToRVUnposted.sql status 0
File C:\srcAdempiere\Release\migration\354a-360lts\oracle\695_FR2962094_UpdateMatchInvProcessedOn.sql status 0
File C:\srcAdempiere\Release\migration\354a-360lts\oracle\696_BF1761985_FixADClientShare.sql status 0
File C:\srcAdempiere\Release\migration\354a-360lts\oracle\697_BF2962244.sql status 0
File C:\srcAdempiere\Release\migration\354a-360lts\oracle\698_FR2947703_oracle.sql status 0
File C:\srcAdempiere\Release\migration\354a-360lts\oracle\699_BF2978440_HideNonWorkingFields.sql status 0
File C:\srcAdempiere\Release\migration\354a-360lts\oracle\700_BF2913291.sql status 0
File C:\srcAdempiere\Release\migration\354a-360lts\oracle\701_placeholder.sql status 0
File C:\srcAdempiere\Release\migration\354a-360lts\oracle\702_placeholder.sql status 0
File C:\srcAdempiere\Release\migration\354a-360lts\oracle\703_placeholder.sql status 0
File C:\srcAdempiere\Release\migration\354a-360lts\oracle\704_FR2962094_AddColumnsToCostDetail.sql status 0
File C:\srcAdempiere\Release\migration\354a-360lts\oracle\705_AD_Role_Included.sql status 0
File C:\srcAdempiere\Release\migration\354a-360lts\oracle\706_FR2897194_Adv_Zoom.sql status 0
File C:\srcAdempiere\Release\migration\354a-360lts\oracle\707_BF2985660.sql status 0
File C:\srcAdempiere\Release\migration\354a-360lts\oracle\708_BF2986969_RV_Unposted_DateAcct.sql status 0
File C:\srcAdempiere\Release\migration\354a-360lts\oracle\709_BF2987097_VendorProductNo.sql status 0
File C:\srcAdempiere\Release\migration\354a-360lts\oracle\710_FR2987625_OrganizationMoreDetails.sql status 0
File C:\srcAdempiere\Release\migration\354a-360lts\oracle\711_BF2975308.sql status 0
File C:\srcAdempiere\Release\migration\354a-360lts\oracle\712_BF2863381AbsolutePathWebShop.sql status 0
File C:\srcAdempiere\Release\migration\354a-360lts\oracle\713_BF2872924WindowCustomizationBeta.sql status 0
File C:\srcAdempiere\Release\migration\354a-360lts\oracle\714_BF2989334.sql status 0
File C:\srcAdempiere\Release\migration\354a-360lts\oracle\715_BF2989431.sql status 0
File C:\srcAdempiere\Release\migration\354a-360lts\oracle\716_BF2987531.sql status 0
File C:\srcAdempiere\Release\migration\354a-360lts\oracle\717_BF2989677.sql status 0
File C:\srcAdempiere\Release\migration\354a-360lts\oracle\718_get_Sysconfig.sql status 0
File C:\srcAdempiere\Release\migration\354a-360lts\oracle\719_FR2988993.sql status 0
File C:\srcAdempiere\Release\migration\354a-360lts\oracle\720_placeholder.sql status 0
File C:\srcAdempiere\Release\migration\354a-360lts\oracle\721_FR2990358_InitialTenantSetup.sql status 0
File C:\srcAdempiere\Release\migration\354a-360lts\oracle\722_FR2990358_InitialTenantSetup.sql status 0
File C:\srcAdempiere\Release\migration\354a-360lts\oracle\723_BF2991631.sql status 0
File C:\srcAdempiere\Release\migration\354a-360lts\oracle\724_BF1568777.sql status 0
File C:\srcAdempiere\Release\migration\354a-360lts\oracle\725_BF2819386.sql status 0
File C:\srcAdempiere\Release\migration\354a-360lts\oracle\726_FR2994115_C_DocType_IsPrepareSplitDoc.sql status 0
File C:\srcAdempiere\Release\migration\354a-360lts\oracle\727_BF3002076.sql status 0
File C:\srcAdempiere\Release\migration\354a-360lts\oracle\728_BF3003367_SequenceC_OrderSource.sql status 0
File C:\srcAdempiere\Release\migration\354a-360lts\oracle\729_3005557FixShipper.sql status 0
File C:\srcAdempiere\Release\migration\354a-360lts\oracle\730_BF3006193.sql status 0
File C:\srcAdempiere\Release\migration\354a-360lts\oracle\731_FR3010957.sql status 0
File C:\srcAdempiere\Release\migration\354a-360lts\oracle\732_FR3015053_QueuingTime.sql status 0
File C:\srcAdempiere\Release\migration\354a-360lts\oracle\733_FR3015656_setLocatorTo.sql status 0
File C:\srcAdempiere\Release\migration\354a-360lts\oracle\734_FR3013401_IsPlan.sql status 0
File C:\srcAdempiere\Release\migration\354a-360lts\oracle\735_FR3015695_HR_Movement.sql status 0
File C:\srcAdempiere\Release\migration\354a-360lts\oracle\736_SequenceCheck.sql status 0
File C:\srcAdempiere\Release\migration\354a-360lts\oracle\737_Version.sql status 0
