*** 2024-09-25 14:17:28.081 Adempiere Log (CLogFile) ***
14:17:28.080 Setup.<init>: ADempiere(r) Release 3.6.0LTS_2010-06-14 -Smart Suite ERP,CRM and SCM- (c) 1999-2010 ADempiere(r); Implementation: ADempiere - Supported by ADempiere community [1]
14:17:28.252 ConfigurationData.load: Defaults [1]
14:17:43.107 Config.test: OK: JavaHome=/usr/lib/jvm/jdk-1.8-oracle-x64 [21]
14:17:43.108 Config.test: OK: Version=1.8.0_411 [21]
14:17:43.108 ConfigurationData.testAdempiere: OK: AdempiereHome = /home/yahya/workspace/adempiere/install [21]
14:17:43.128 KeyStoreMgt.<init>: /home/yahya/workspace/adempiere/install/keystore/myKeystore [21]
14:17:43.131 KeyStoreMgt.createCertificate:  [21]
14:17:44.820 KeyStoreMgt.keytool: keytool -genkey -keyalg rsa -alias adempiere -dname "CN=localhost, OU=yahya, O=AdempiereUser, L=MyTown, C=IN" -keypass myPassword -validity 999 -keystore /home/yahya/workspace/adempiere/install/keystore/myKeystore -storepass myPassword [21]
14:18:33.184 KeyStoreMgt.keytool: keytool -selfcert -alias adempiere -dname "CN=localhost, OU=yahya, O=AdempiereUser, L=MyTown, C=IN" -keypass myPassword -validity 999 -keystore /home/yahya/workspace/adempiere/install/keystore/myKeystore -storepass myPassword [21]
14:18:38.092 ConfigurationData.testAdempiere: OK: KeyStore = /home/yahya/workspace/adempiere/install/keystore/myKeystore [21]
-----------> ConfigurationData.test: Not correct: AppsServer = localhost.localdomain [21]
14:18:38.134 Language.getLanguage: Adding Language=en, Country=IN, Locale=en_IN [17]
===========> ConfigurationPanel$1.finished: Error Apps Server (do not use localhost) 
(Not correct: AppsServer = localhost.localdomain) [17]
14:18:58.832 Config.test: OK: JavaHome=/usr/lib/jvm/jdk-1.8-oracle-x64 [24]
14:18:58.832 Config.test: OK: Version=1.8.0_411 [24]
14:18:58.833 ConfigurationData.testAdempiere: OK: AdempiereHome = /home/yahya/workspace/adempiere/install [24]
14:18:58.833 KeyStoreMgt.<init>: /home/yahya/workspace/adempiere/install/keystore/myKeystore [24]
14:18:58.836 ConfigurationData.testAdempiere: OK: KeyStore = /home/yahya/workspace/adempiere/install/keystore/myKeystore [24]
14:18:58.837 Config.test: OK: AppsServer = /0.0.0.0 [24]
-----------> ConfigurationData.test: Not found: /home/yahya/workspace/adempiere/install/jboss/server/adempiere/deploy [24]
===========> ConfigurationPanel$1.finished: Error Deployment Directory 
(Not found: /home/yahya/workspace/adempiere/install/jboss/server/adempiere/deploy) [17]
14:19:18.610 Config.test: OK: JavaHome=/usr/lib/jvm/jdk-1.8-oracle-x64 [25]
14:19:18.611 Config.test: OK: Version=1.8.0_411 [25]
14:19:18.613 ConfigurationData.testAdempiere: OK: AdempiereHome = /home/yahya/workspace/adempiere/install [25]
14:19:18.613 KeyStoreMgt.<init>: /home/yahya/workspace/adempiere/install/keystore/myKeystore [25]
14:19:18.615 ConfigurationData.testAdempiere: OK: KeyStore = /home/yahya/workspace/adempiere/install/keystore/myKeystore [25]
14:19:18.616 Config.test: OK: AppsServer = /0.0.0.0 [25]
-----------> ConfigurationData.test: Not found: /home/yahya/workspace/adempiere/install/jboss/server/adempiere/deploy [25]
===========> ConfigurationPanel$1.finished: Error Deployment Directory 
(Not found: /home/yahya/workspace/adempiere/install/jboss/server/adempiere/deploy) [17]
14:20:43.209 Config.test: OK: JavaHome=/usr/lib/jvm/jdk-1.8-oracle-x64 [26]
14:20:43.210 Config.test: OK: Version=1.8.0_411 [26]
14:20:43.210 ConfigurationData.testAdempiere: OK: AdempiereHome = /home/yahya/workspace/adempiere [26]
14:20:43.210 KeyStoreMgt.<init>: /home/yahya/workspace/adempiere/keystore/myKeystore [26]
14:20:43.211 KeyStoreMgt.createCertificate:  [26]
14:20:44.751 KeyStoreMgt.keytool: keytool -genkey -keyalg rsa -alias adempiere -dname "CN=localhost, OU=yahya, O=AdempiereUser, L=MyTown, C=IN" -keypass myPassword -validity 999 -keystore /home/yahya/workspace/adempiere/keystore/myKeystore -storepass myPassword [26]
14:21:02.497 KeyStoreMgt.keytool: keytool -selfcert -alias adempiere -dname "CN=localhost, OU=yahya, O=AdempiereUser, L=MyTown, C=IN" -keypass myPassword -validity 999 -keystore /home/yahya/workspace/adempiere/keystore/myKeystore -storepass myPassword [26]
14:21:02.511 ConfigurationData.testAdempiere: OK: KeyStore = /home/yahya/workspace/adempiere/keystore/myKeystore [26]
14:21:02.512 Config.test: OK: AppsServer = /0.0.0.0 [26]
14:21:02.533 Config.test: OK: Deploy Directory = /home/yahya/workspace/adempiere/jboss/server/adempiere/deploy [26]
14:21:02.582 Config.test: OK: JNPPort = 1099 [26]
-----------> ConfigurationData.testServerPort: Port 80: Permission denied (Bind failed) [26]
-----------> ConfigurationData.test: Not correct: Web Port = 80 [26]
===========> ConfigurationPanel$1.finished: Error Web Port 
(Not correct: Web Port = 80) [17]
14:21:15.098 Config.test: OK: JavaHome=/usr/lib/jvm/jdk-1.8-oracle-x64 [27]
14:21:15.098 Config.test: OK: Version=1.8.0_411 [27]
14:21:15.099 ConfigurationData.testAdempiere: OK: AdempiereHome = /home/yahya/workspace/adempiere [27]
14:21:15.099 KeyStoreMgt.<init>: /home/yahya/workspace/adempiere/keystore/myKeystore [27]
14:21:15.100 ConfigurationData.testAdempiere: OK: KeyStore = /home/yahya/workspace/adempiere/keystore/myKeystore [27]
14:21:15.100 Config.test: OK: AppsServer = /0.0.0.0 [27]
14:21:15.104 Config.test: OK: Deploy Directory = /home/yahya/workspace/adempiere/jboss/server/adempiere/deploy [27]
14:21:15.108 Config.test: OK: JNPPort = 1099 [27]
14:21:15.111 Config.test: OK: Web Port = 8080 [27]
14:21:15.516 Config.test: OK: SSL Port = 8443 [27]
14:21:15.517 Config.test: OK: Database Server = null [27]
===========> ConfigurationPanel$1.finished: Error Database Server (do not use localhost) 
(Not correct: DB Server = localhost.localdomain)
java.lang.NullPointerException [17]
14:21:37.748 Config.test: OK: JavaHome=/usr/lib/jvm/jdk-1.8-oracle-x64 [28]
14:21:37.748 Config.test: OK: Version=1.8.0_411 [28]
14:21:37.748 ConfigurationData.testAdempiere: OK: AdempiereHome = /home/yahya/workspace/adempiere [28]
14:21:37.748 KeyStoreMgt.<init>: /home/yahya/workspace/adempiere/keystore/myKeystore [28]
14:21:37.750 ConfigurationData.testAdempiere: OK: KeyStore = /home/yahya/workspace/adempiere/keystore/myKeystore [28]
14:21:37.751 Config.test: OK: AppsServer = /0.0.0.0 [28]
14:21:37.770 Config.test: OK: Deploy Directory = /home/yahya/workspace/adempiere/jboss/server/adempiere/deploy [28]
14:21:37.772 Config.test: OK: JNPPort = 1099 [28]
14:21:37.773 Config.test: OK: Web Port = 8080 [28]
14:21:37.774 Config.test: OK: SSL Port = 8443 [28]
14:21:37.774 Config.test: OK: Database Server = null [28]
===========> ConfigurationPanel$1.finished: Error Database Server (do not use localhost) 
(Not correct: DB Server = localhost)
java.lang.NullPointerException [17]
14:22:13.490 Config.test: OK: JavaHome=/usr/lib/jvm/jdk-1.8-oracle-x64 [29]
14:22:13.490 Config.test: OK: Version=1.8.0_411 [29]
14:22:13.490 ConfigurationData.testAdempiere: OK: AdempiereHome = /home/yahya/workspace/adempiere [29]
14:22:13.490 KeyStoreMgt.<init>: /home/yahya/workspace/adempiere/keystore/myKeystore [29]
14:22:13.491 ConfigurationData.testAdempiere: OK: KeyStore = /home/yahya/workspace/adempiere/keystore/myKeystore [29]
14:22:13.492 Config.test: OK: AppsServer = /0.0.0.0 [29]
14:22:13.514 Config.test: OK: Deploy Directory = /home/yahya/workspace/adempiere/jboss/server/adempiere/deploy [29]
14:22:13.516 Config.test: OK: JNPPort = 1099 [29]
14:22:13.516 Config.test: OK: Web Port = 8080 [29]
14:22:13.517 Config.test: OK: SSL Port = 8443 [29]
14:22:13.517 Config.test: OK: Database Server = null [29]
===========> ConfigurationPanel$1.finished: Error Database Server (do not use localhost) 
(Not correct: DB Server = 127.0.0.1)
java.lang.NullPointerException [17]
14:54:54.536 Config.test: OK: JavaHome=/usr/lib/jvm/jdk-1.8-oracle-x64 [30]
14:54:54.537 Config.test: OK: Version=1.8.0_411 [30]
14:54:54.537 ConfigurationData.testAdempiere: OK: AdempiereHome = /home/yahya/workspace/adempiere [30]
14:54:54.537 KeyStoreMgt.<init>: /home/yahya/workspace/adempiere/keystore/myKeystore [30]
14:54:54.538 ConfigurationData.testAdempiere: OK: KeyStore = /home/yahya/workspace/adempiere/keystore/myKeystore [30]
14:54:54.538 Config.test: OK: AppsServer = /0.0.0.0 [30]
14:54:54.545 Config.test: OK: Deploy Directory = /home/yahya/workspace/adempiere/jboss/server/adempiere/deploy [30]
14:54:54.547 Config.test: OK: JNPPort = 1099 [30]
14:54:54.547 Config.test: OK: Web Port = 8080 [30]
14:54:54.548 Config.test: OK: SSL Port = 8443 [30]
14:55:07.979 Config.test: OK: Database Server = null [30]
===========> ConfigurationPanel$1.finished: Error Database Server (do not use localhost) 
(Not correct: DB Server = 127.0.0.1)
java.lang.NullPointerException [17]
14:55:45.545 Config.test: OK: JavaHome=/usr/lib/jvm/jdk-1.8-oracle-x64 [31]
14:55:45.545 Config.test: OK: Version=1.8.0_411 [31]
14:55:45.546 ConfigurationData.testAdempiere: OK: AdempiereHome = /home/yahya/workspace/adempiere [31]
14:55:45.546 KeyStoreMgt.<init>: /home/yahya/workspace/adempiere/keystore/myKeystore [31]
14:55:45.547 ConfigurationData.testAdempiere: OK: KeyStore = /home/yahya/workspace/adempiere/keystore/myKeystore [31]
14:55:45.547 Config.test: OK: AppsServer = /0.0.0.0 [31]
14:55:45.554 Config.test: OK: Deploy Directory = /home/yahya/workspace/adempiere/jboss/server/adempiere/deploy [31]
14:55:45.555 Config.test: OK: JNPPort = 1099 [31]
14:55:45.555 Config.test: OK: Web Port = 8080 [31]
14:55:45.556 Config.test: OK: SSL Port = 8443 [31]
14:55:45.556 Config.test: OK: Database Server = null [31]
14:56:58.866 Config.test: OK: Database Server = /127.0.0.1 [31]
-----------> ConfigurationData.testPort: Open Socket localhost/127.0.0.1:1521 - Connection refused (Connection refused) [31]
14:59:00.463 Config.test: OK: Database Server = /127.0.0.1 [31]
-----------> ConfigurationData.testPort: Open Socket localhost/127.0.0.1:1521 - Connection refused (Connection refused) [31]
-----------> ConfigurationData.test: DB Server Port = 1521 [31]
===========> ConfigurationPanel$1.finished: Error Database Port 
(DB Server Port = 1521) [17]
15:01:57.486 Config.test: OK: JavaHome=/usr/lib/jvm/jdk-1.8-oracle-x64 [32]
15:01:57.487 Config.test: OK: Version=1.8.0_411 [32]
15:01:57.529 ConfigurationData.testAdempiere: OK: AdempiereHome = /home/yahya/workspace/adempiere [32]
15:01:57.529 KeyStoreMgt.<init>: /home/yahya/workspace/adempiere/keystore/myKeystore [32]
15:01:57.568 ConfigurationData.testAdempiere: OK: KeyStore = /home/yahya/workspace/adempiere/keystore/myKeystore [32]
15:01:57.569 Config.test: OK: AppsServer = /0.0.0.0 [32]
15:01:57.578 Config.test: OK: Deploy Directory = /home/yahya/workspace/adempiere/jboss/server/adempiere/deploy [32]
15:01:57.579 Config.test: OK: JNPPort = 1099 [32]
15:01:57.580 Config.test: OK: Web Port = 8080 [32]
15:01:57.581 Config.test: OK: SSL Port = 8443 [32]
15:01:57.606 Config.test: OK: Database Server = /127.0.0.1 [32]
15:02:09.063 Config.test: OK: Database Port = 1521 [32]
-----------> ConfigurationData.test: No Database System Password entered [32]
===========> ConfigurationPanel$1.finished: Error JDBC Connection 
(No Database System Password entered) [17]
15:02:22.037 Config.test: OK: JavaHome=/usr/lib/jvm/jdk-1.8-oracle-x64 [33]
15:02:22.038 Config.test: OK: Version=1.8.0_411 [33]
15:02:22.038 ConfigurationData.testAdempiere: OK: AdempiereHome = /home/yahya/workspace/adempiere [33]
15:02:22.038 KeyStoreMgt.<init>: /home/yahya/workspace/adempiere/keystore/myKeystore [33]
15:02:22.039 ConfigurationData.testAdempiere: OK: KeyStore = /home/yahya/workspace/adempiere/keystore/myKeystore [33]
15:02:22.039 Config.test: OK: AppsServer = /0.0.0.0 [33]
15:02:22.041 Config.test: OK: Deploy Directory = /home/yahya/workspace/adempiere/jboss/server/adempiere/deploy [33]
15:02:22.042 Config.test: OK: JNPPort = 1099 [33]
15:02:22.044 Config.test: OK: Web Port = 8080 [33]
15:02:22.045 Config.test: OK: SSL Port = 8443 [33]
15:02:22.045 Config.test: OK: Database Server = /127.0.0.1 [33]
15:02:22.046 Config.test: OK: Database Port = 1521 [33]
-----------> Config.testJDBC: java.sql.SQLException: Listener refused the connection with the following error:
ORA-12514, TNS:listener does not currently know of service requested in connect descriptor
  [33]
-----------> ConfigurationData.test: Error connecting: jdbc:oracle:thin:@//localhost:1521/freepdb1 - as system/oraAdmin24 [33]
===========> ConfigurationPanel$1.finished: Error JDBC Connection 
(Error connecting: jdbc:oracle:thin:@//localhost:1521/freepdb1 - as system/oraAdmin24) [17]
15:03:50.149 Config.test: OK: JavaHome=/usr/lib/jvm/jdk-1.8-oracle-x64 [34]
15:03:50.149 Config.test: OK: Version=1.8.0_411 [34]
15:03:50.150 ConfigurationData.testAdempiere: OK: AdempiereHome = /home/yahya/workspace/adempiere [34]
15:03:50.554 KeyStoreMgt.<init>: /home/yahya/workspace/adempiere/keystore/myKeystore [34]
15:03:50.554 ConfigurationData.testAdempiere: OK: KeyStore = /home/yahya/workspace/adempiere/keystore/myKeystore [34]
15:03:50.555 Config.test: OK: AppsServer = /0.0.0.0 [34]
15:03:50.562 Config.test: OK: Deploy Directory = /home/yahya/workspace/adempiere/jboss/server/adempiere/deploy [34]
15:03:50.563 Config.test: OK: JNPPort = 1099 [34]
15:03:50.564 Config.test: OK: Web Port = 8080 [34]
15:03:50.564 Config.test: OK: SSL Port = 8443 [34]
15:03:50.566 Config.test: OK: Database Server = localhost/127.0.0.1 [34]
15:03:50.567 Config.test: OK: Database Port = 1521 [34]
-----------> Config.testJDBC: java.sql.SQLException: ORA-28040: The database does not accept your client's authentication protocol; login denied.
 [34]
-----------> ConfigurationData.test: Error connecting: jdbc:oracle:thin:@//localhost:1521/freepdb1 - as system/oraAdmin24 [34]
===========> ConfigurationPanel$1.finished: Error JDBC Connection 
(Error connecting: jdbc:oracle:thin:@//localhost:1521/freepdb1 - as system/oraAdmin24) [17]
15:04:56.599 Config.test: OK: JavaHome=/usr/lib/jvm/jdk-1.8-oracle-x64 [35]
15:04:56.599 Config.test: OK: Version=1.8.0_411 [35]
15:04:56.599 ConfigurationData.testAdempiere: OK: AdempiereHome = /home/yahya/workspace/adempiere [35]
15:04:56.599 KeyStoreMgt.<init>: /home/yahya/workspace/adempiere/keystore/myKeystore [35]
15:04:56.600 ConfigurationData.testAdempiere: OK: KeyStore = /home/yahya/workspace/adempiere/keystore/myKeystore [35]
15:04:56.600 Config.test: OK: AppsServer = /0.0.0.0 [35]
15:04:56.611 Config.test: OK: Deploy Directory = /home/yahya/workspace/adempiere/jboss/server/adempiere/deploy [35]
15:04:56.612 Config.test: OK: JNPPort = 1099 [35]
15:04:56.613 Config.test: OK: Web Port = 8080 [35]
15:04:56.613 Config.test: OK: SSL Port = 8443 [35]
15:04:56.614 Config.test: OK: Database Server = localhost/127.0.0.1 [35]
15:04:56.614 Config.test: OK: Database Port = 1521 [35]
-----------> Config.testJDBC: java.sql.SQLException: ORA-28040: The database does not accept your client's authentication protocol; login denied.
 [35]
-----------> ConfigurationData.test: Error connecting: jdbc:oracle:thin:@//localhost:1521/FREEPDB1 - as system/oraAdmin24 [35]
===========> ConfigurationPanel$1.finished: Error JDBC Connection 
(Error connecting: jdbc:oracle:thin:@//localhost:1521/FREEPDB1 - as system/oraAdmin24) [17]
15:05:17.999 Config.test: OK: JavaHome=/usr/lib/jvm/jdk-1.8-oracle-x64 [36]
15:05:17.999 Config.test: OK: Version=1.8.0_411 [36]
15:05:18.000 ConfigurationData.testAdempiere: OK: AdempiereHome = /home/yahya/workspace/adempiere [36]
15:05:18.000 KeyStoreMgt.<init>: /home/yahya/workspace/adempiere/keystore/myKeystore [36]
15:05:18.001 ConfigurationData.testAdempiere: OK: KeyStore = /home/yahya/workspace/adempiere/keystore/myKeystore [36]
15:05:18.001 Config.test: OK: AppsServer = /0.0.0.0 [36]
15:05:18.010 Config.test: OK: Deploy Directory = /home/yahya/workspace/adempiere/jboss/server/adempiere/deploy [36]
15:05:18.011 Config.test: OK: JNPPort = 1099 [36]
15:05:18.011 Config.test: OK: Web Port = 8080 [36]
15:05:18.012 Config.test: OK: SSL Port = 8443 [36]
15:05:18.048 Config.test: OK: Database Server = null [36]
===========> ConfigurationPanel$1.finished: Error Database Server (do not use localhost) 
(Not correct: DB Server = //localhost - //localhost: Name or service not known)
java.lang.NullPointerException [17]
15:05:34.383 Config.test: OK: JavaHome=/usr/lib/jvm/jdk-1.8-oracle-x64 [37]
15:05:34.383 Config.test: OK: Version=1.8.0_411 [37]
15:05:34.383 ConfigurationData.testAdempiere: OK: AdempiereHome = /home/yahya/workspace/adempiere [37]
15:05:34.383 KeyStoreMgt.<init>: /home/yahya/workspace/adempiere/keystore/myKeystore [37]
15:05:34.385 ConfigurationData.testAdempiere: OK: KeyStore = /home/yahya/workspace/adempiere/keystore/myKeystore [37]
15:05:34.385 Config.test: OK: AppsServer = /0.0.0.0 [37]
15:05:34.391 Config.test: OK: Deploy Directory = /home/yahya/workspace/adempiere/jboss/server/adempiere/deploy [37]
15:05:34.392 Config.test: OK: JNPPort = 1099 [37]
15:05:34.393 Config.test: OK: Web Port = 8080 [37]
15:05:34.394 Config.test: OK: SSL Port = 8443 [37]
15:05:34.394 Config.test: OK: Database Server = localhost/127.0.0.1 [37]
15:05:34.394 Config.test: OK: Database Port = 1521 [37]
-----------> Config.testJDBC: java.sql.SQLException: ORA-28040: The database does not accept your client's authentication protocol; login denied.
 [37]
-----------> ConfigurationData.test: Error connecting: jdbc:oracle:thin:@//localhost:1521/FREEPDB1 - as system/oraAdmin24 [37]
===========> ConfigurationPanel$1.finished: Error JDBC Connection 
(Error connecting: jdbc:oracle:thin:@//localhost:1521/FREEPDB1 - as system/oraAdmin24) [17]
15:14:12.997 Config.test: OK: JavaHome=/usr/lib/jvm/jdk-1.8-oracle-x64 [38]
15:14:12.997 Config.test: OK: Version=1.8.0_411 [38]
15:14:12.997 ConfigurationData.testAdempiere: OK: AdempiereHome = /home/yahya/workspace/adempiere [38]
15:14:12.998 KeyStoreMgt.<init>: /home/yahya/workspace/adempiere/keystore/myKeystore [38]
15:14:13.016 ConfigurationData.testAdempiere: OK: KeyStore = /home/yahya/workspace/adempiere/keystore/myKeystore [38]
15:14:13.017 Config.test: OK: AppsServer = /0.0.0.0 [38]
15:14:13.072 Config.test: OK: Deploy Directory = /home/yahya/workspace/adempiere/jboss/server/adempiere/deploy [38]
15:14:13.073 Config.test: OK: JNPPort = 1099 [38]
15:14:13.074 Config.test: OK: Web Port = 8080 [38]
15:14:13.074 Config.test: OK: SSL Port = 8443 [38]
15:14:13.075 Config.test: OK: Database Server = localhost/127.0.0.1 [38]
15:14:13.075 Config.test: OK: Database Port = 1521 [38]
-----------> Config.testJDBC: java.sql.SQLException: ORA-28040: The database does not accept your client's authentication protocol; login denied.
 [38]
-----------> ConfigurationData.test: Error connecting: jdbc:oracle:thin:@//localhost:1521/FREEPDB1 - as system/oraAdmin24 [38]
===========> ConfigurationPanel$1.finished: Error JDBC Connection 
(Error connecting: jdbc:oracle:thin:@//localhost:1521/FREEPDB1 - as system/oraAdmin24) [17]

*** 2024-09-25 15:35:18.544 Adempiere Log (CLogFile) ***
