*** 2024-09-25 15:36:57.153 Adempiere Log (CLogFile) ***
15:36:57.152 Setup.<init>: ADempiere(r) Release 3.6.0LTS_2010-06-14 -Smart Suite ERP,CRM and SCM- (c) 1999-2010 ADempiere(r); Implementation: ADempiere - Supported by ADempiere community [1]
15:36:57.347 ConfigurationData.load: Defaults [1]
15:37:37.103 Config.test: OK: JavaHome=/usr/lib/jvm/jdk-1.8-oracle-x64 [21]
15:37:37.103 Config.test: OK: Version=1.8.0_411 [21]
15:37:37.104 ConfigurationData.testAdempiere: OK: AdempiereHome = /home/yahya/workspace/adempiere/install [21]
15:37:37.108 KeyStoreMgt.<init>: /home/yahya/workspace/adempiere/install/keystore/myKeystore [21]
15:37:37.129 ConfigurationData.testAdempiere: OK: KeyStore = /home/yahya/workspace/adempiere/install/keystore/myKeystore [21]
15:37:37.129 Config.test: OK: AppsServer = /0.0.0.0 [21]
-----------> ConfigurationData.test: Not found: /home/yahya/workspace/adempiere/install/jboss/server/adempiere/deploy [21]
15:37:37.214 Language.getLanguage: Adding Language=en, Country=IN, Locale=en_IN [17]
===========> ConfigurationPanel$1.finished: Error Deployment Directory 
(Not found: /home/yahya/workspace/adempiere/install/jboss/server/adempiere/deploy) [17]
15:37:48.157 Config.test: OK: JavaHome=/usr/lib/jvm/jdk-1.8-oracle-x64 [23]
15:37:48.157 Config.test: OK: Version=1.8.0_411 [23]
15:37:48.158 ConfigurationData.testAdempiere: OK: AdempiereHome = /home/yahya/workspace/adempiere [23]
15:37:48.158 KeyStoreMgt.<init>: /home/yahya/workspace/adempiere/keystore/myKeystore [23]
15:37:48.190 ConfigurationData.testAdempiere: OK: KeyStore = /home/yahya/workspace/adempiere/keystore/myKeystore [23]
15:37:48.190 Config.test: OK: AppsServer = /0.0.0.0 [23]
15:37:48.214 Config.test: OK: Deploy Directory = /home/yahya/workspace/adempiere/jboss/server/adempiere/deploy [23]
15:37:48.239 Config.test: OK: JNPPort = 1099 [23]
15:37:48.245 Config.test: OK: Web Port = 8080 [23]
15:37:49.037 Config.test: OK: SSL Port = 8443 [23]
15:37:49.038 Config.test: OK: Database Server = localhost/127.0.0.1 [23]
15:37:49.039 Config.test: OK: Database Port = 1521 [23]
-----------> Config.testJDBC: java.sql.SQLException: ORA-28040: The database does not accept your client's authentication protocol; login denied.
 [23]
-----------> ConfigurationData.test: Error connecting: jdbc:oracle:thin:@//localhost:1521/freepdb1 - as system/oraAdmin24 [23]
===========> ConfigurationPanel$1.finished: Error JDBC Connection 
(Error connecting: jdbc:oracle:thin:@//localhost:1521/freepdb1 - as system/oraAdmin24) [17]
